<?xml version="1.0" encoding="UTF-8"?>
<testsuite name="Job Search Test"
           tests="4"
           failures="0"
           errors="0"
           skipped="0"
           time="18.736">
  <properties />
  
  
            <testcase name="verifyJobSearchResultUsingDifferentDataSet" time="4.298" classname="uk.co.library.testsuite.JobSearchTest" />
                <testcase name="verifyJobSearchResultUsingDifferentDataSet" time="4.671" classname="uk.co.library.testsuite.JobSearchTest" />
                <testcase name="verifyJobSearchResultUsingDifferentDataSet" time="4.671" classname="uk.co.library.testsuite.JobSearchTest" />
                <testcase name="verifyJobSearchResultUsingDifferentDataSet" time="5.096" classname="uk.co.library.testsuite.JobSearchTest" />
      
</testsuite>
